<?xml version="1.0" encoding="UTF-8"?>
<!-- Generated by org.testng.reporters.JUnitXMLReporter -->
<testsuite hostname="Jimmy-Gupta" ignored="0" name="Default test" tests="3" failures="0" timestamp="2022-06-04T17:40:00 IST" time="19.601" errors="0">
  <testcase name="clickonelements" time="0.611" classname="testingbabascripts.TextBoxTest"/>
  <testcase name="formfil" time="2.964" classname="testingbabascripts.TextBoxTest"/>
  <testcase name="inputoutputcheck" time="0.259" classname="testingbabascripts.TextBoxTest"/>
</testsuite> <!-- Default test -->
