<?xml version="1.0" encoding="UTF-8"?>
<!-- Generated by org.testng.reporters.JUnitXMLReporter -->
<testsuite hostname="Jimmy-Gupta" ignored="0" name="Default test" tests="3" failures="0" timestamp="2022-08-29T18:10:08 IST" time="33.483" errors="0">
  <testcase name="clickonelements" time="1.155" classname="testingbabascripts.TextBoxTest"/>
  <testcase name="formfil" time="5.04" classname="testingbabascripts.TextBoxTest"/>
  <testcase name="inputoutputcheck" time="0.83" classname="testingbabascripts.TextBoxTest"/>
</testsuite> <!-- Default test -->
