<?xml version="1.0" encoding="UTF-8"?>
<testng-results skipped="0" failed="0" ignored="0" total="3" passed="3">
  <reporter-output>
  </reporter-output>
  <suite name="Default suite" duration-ms="33483" started-at="2022-08-29T18:09:34 IST" finished-at="2022-08-29T18:10:08 IST">
    <groups>
      <group name="regression">
        <method signature="TextBoxTest.formfil()[pri:1, instance:testingbabascripts.TextBoxTest@1f924f5]" name="formfil" class="testingbabascripts.TextBoxTest"/>
        <method signature="TextBoxTest.inputoutputcheck()[pri:2, instance:testingbabascripts.TextBoxTest@1f924f5]" name="inputoutputcheck" class="testingbabascripts.TextBoxTest"/>
      </group> <!-- regression -->
      <group name="smoke">
        <method signature="TextBoxTest.clickonelements()[pri:0, instance:testingbabascripts.TextBoxTest@1f924f5]" name="clickonelements" class="testingbabascripts.TextBoxTest"/>
        <method signature="TextBoxTest.formfil()[pri:1, instance:testingbabascripts.TextBoxTest@1f924f5]" name="formfil" class="testingbabascripts.TextBoxTest"/>
      </group> <!-- smoke -->
      <group name="sanity">
        <method signature="TextBoxTest.formfil()[pri:1, instance:testingbabascripts.TextBoxTest@1f924f5]" name="formfil" class="testingbabascripts.TextBoxTest"/>
        <method signature="TextBoxTest.inputoutputcheck()[pri:2, instance:testingbabascripts.TextBoxTest@1f924f5]" name="inputoutputcheck" class="testingbabascripts.TextBoxTest"/>
      </group> <!-- sanity -->
    </groups>
    <test name="Default test" duration-ms="33483" started-at="2022-08-29T18:09:34 IST" finished-at="2022-08-29T18:10:08 IST">
      <class name="testingbabascripts.TextBoxTest">
        <test-method status="PASS" signature="beforesuit()[pri:0, instance:testingbabascripts.TextBoxTest@1f924f5]" name="beforesuit" is-config="true" duration-ms="143" started-at="2022-08-29T18:09:34 IST" finished-at="2022-08-29T18:09:34 IST">
          <reporter-output>
          </reporter-output>
        </test-method> <!-- beforesuit -->
        <test-method status="PASS" signature="geturllaunc()[pri:0, instance:testingbabascripts.TextBoxTest@1f924f5]" name="geturllaunc" is-config="true" duration-ms="24778" started-at="2022-08-29T18:09:34 IST" finished-at="2022-08-29T18:09:59 IST">
          <reporter-output>
          </reporter-output>
        </test-method> <!-- geturllaunc -->
        <test-method status="PASS" signature="clickonelements()[pri:0, instance:testingbabascripts.TextBoxTest@1f924f5]" name="clickonelements" duration-ms="1155" started-at="2022-08-29T18:09:59 IST" finished-at="2022-08-29T18:10:00 IST">
          <reporter-output>
          </reporter-output>
        </test-method> <!-- clickonelements -->
        <test-method status="PASS" signature="formfil()[pri:1, instance:testingbabascripts.TextBoxTest@1f924f5]" name="formfil" duration-ms="5040" started-at="2022-08-29T18:10:00 IST" finished-at="2022-08-29T18:10:05 IST">
          <reporter-output>
          </reporter-output>
        </test-method> <!-- formfil -->
        <test-method status="PASS" signature="inputoutputcheck()[pri:2, instance:testingbabascripts.TextBoxTest@1f924f5]" name="inputoutputcheck" duration-ms="830" started-at="2022-08-29T18:10:05 IST" finished-at="2022-08-29T18:10:06 IST">
          <reporter-output>
          </reporter-output>
        </test-method> <!-- inputoutputcheck -->
        <test-method status="PASS" signature="teardown()[pri:0, instance:testingbabascripts.TextBoxTest@1f924f5]" name="teardown" is-config="true" duration-ms="1608" started-at="2022-08-29T18:10:06 IST" finished-at="2022-08-29T18:10:08 IST">
          <reporter-output>
          </reporter-output>
        </test-method> <!-- teardown -->
      </class> <!-- testingbabascripts.TextBoxTest -->
    </test> <!-- Default test -->
  </suite> <!-- Default suite -->
</testng-results>
